<?xml version="1.0" encoding="UTF-8"?>
<!-- Generated by org.testng.reporters.JUnitReportReporter -->
<testsuite hostname="DESKTOP-KT46ULE" failures="0" tests="1" name="runners.TestRunners" time="3.576" errors="0" timestamp="2025-10-07T11:14:04 IST" skipped="0">
  <testcase classname="runners.TestRunners" name="runScenario" time="3.576"/>
</testsuite> <!-- runners.TestRunners -->
